<?xml version="1.0" encoding="UTF-8"?>
<coverage generated="1623995608821" clover="3.2.0">
  <project timestamp="1623995608821" name="All files">
    <metrics statements="68" coveredstatements="67" conditionals="26" coveredconditionals="23" methods="28" coveredmethods="27" elements="122" coveredelements="117" complexity="0" loc="68" ncloc="68" packages="2" files="4" classes="4"/>
    <package name="game-state.src">
      <metrics statements="46" coveredstatements="46" conditionals="21" coveredconditionals="20" methods="23" coveredmethods="23"/>
      <file name="Feedback.ts" path="/Users/ecarreras/mastermind/packages/game-state/src/Feedback.ts">
        <metrics statements="23" coveredstatements="23" conditionals="6" coveredconditionals="6" methods="13" coveredmethods="13"/>
        <line num="4" count="33" type="stmt"/>
        <line num="5" count="33" type="stmt"/>
        <line num="6" count="33" type="stmt"/>
        <line num="9" count="33" type="stmt"/>
        <line num="10" count="33" type="stmt"/>
        <line num="11" count="528" type="stmt"/>
        <line num="15" count="33" type="stmt"/>
        <line num="16" count="33" type="stmt"/>
        <line num="20" count="25" type="stmt"/>
        <line num="21" count="25" type="stmt"/>
        <line num="25" count="172" type="stmt"/>
        <line num="29" count="33" type="stmt"/>
        <line num="30" count="33" type="stmt"/>
        <line num="34" count="33" type="stmt"/>
        <line num="35" count="132" type="cond" truecount="2" falsecount="0"/>
        <line num="36" count="25" type="stmt"/>
        <line num="42" count="33" type="stmt"/>
        <line num="43" count="132" type="stmt"/>
        <line num="44" count="528" type="stmt"/>
        <line num="45" count="72" type="cond" truecount="4" falsecount="0"/>
        <line num="46" count="28" type="stmt"/>
        <line num="54" count="28" type="stmt"/>
        <line num="55" count="28" type="stmt"/>
      </file>
      <file name="GameState.ts" path="/Users/ecarreras/mastermind/packages/game-state/src/GameState.ts">
        <metrics statements="21" coveredstatements="21" conditionals="15" coveredconditionals="14" methods="9" coveredmethods="9"/>
        <line num="7" count="26" type="stmt"/>
        <line num="8" count="26" type="stmt"/>
        <line num="11" count="26" type="cond" truecount="2" falsecount="0"/>
        <line num="12" count="26" type="cond" truecount="2" falsecount="0"/>
        <line num="14" count="24" type="cond" truecount="2" falsecount="0"/>
        <line num="15" count="21" type="stmt"/>
        <line num="17" count="23" type="stmt"/>
        <line num="18" count="23" type="stmt"/>
        <line num="22" count="58" type="stmt"/>
        <line num="23" count="58" type="stmt"/>
        <line num="27" count="4" type="stmt"/>
        <line num="31" count="6" type="stmt"/>
        <line num="32" count="34" type="cond" truecount="2" falsecount="0"/>
        <line num="37" count="33" type="cond" truecount="1" falsecount="1"/>
        <line num="38" count="33" type="stmt"/>
        <line num="42" count="33" type="stmt"/>
        <line num="43" count="33" type="stmt"/>
        <line num="44" count="33" type="stmt"/>
        <line num="48" count="5" type="cond" truecount="2" falsecount="0"/>
        <line num="52" count="2" type="cond" truecount="2" falsecount="0"/>
        <line num="53" count="1" type="stmt"/>
      </file>
      <file name="Turn.ts" path="/Users/ecarreras/mastermind/packages/game-state/src/Turn.ts">
        <metrics statements="2" coveredstatements="2" conditionals="0" coveredconditionals="0" methods="1" coveredmethods="1"/>
        <line num="6" count="33" type="stmt"/>
        <line num="7" count="33" type="stmt"/>
      </file>
    </package>
    <package name="web-vue.components">
      <metrics statements="22" coveredstatements="21" conditionals="5" coveredconditionals="3" methods="5" coveredmethods="4"/>
      <file name="GameBoard.vue" path="/Users/ecarreras/mastermind/packages/web-vue/components/GameBoard.vue">
        <metrics statements="22" coveredstatements="21" conditionals="5" coveredconditionals="3" methods="5" coveredmethods="4"/>
        <line num="17" count="1" type="stmt"/>
        <line num="18" count="1" type="stmt"/>
        <line num="20" count="1" type="stmt"/>
        <line num="22" count="7" type="cond" truecount="3" falsecount="0"/>
        <line num="23" count="5" type="stmt"/>
        <line num="24" count="5" type="stmt"/>
        <line num="25" count="5" type="stmt"/>
        <line num="26" count="5" type="stmt"/>
        <line num="27" count="5" type="stmt"/>
        <line num="29" count="1" type="stmt"/>
        <line num="30" count="3" type="stmt"/>
        <line num="32" count="1" type="stmt"/>
        <line num="33" count="0" type="cond" truecount="0" falsecount="2"/>
        <line num="35" count="1" type="stmt"/>
        <line num="36" count="3" type="stmt"/>
        <line num="37" count="3" type="stmt"/>
        <line num="38" count="3" type="stmt"/>
        <line num="39" count="3" type="stmt"/>
        <line num="41" count="1" type="stmt"/>
        <line num="42" count="3" type="stmt"/>
        <line num="43" count="3" type="stmt"/>
        <line num="45" count="1" type="stmt"/>
      </file>
    </package>
  </project>
</coverage>
