{"/Users/ecarreras/mastermind/packages/game-state/src/Feedback.ts": {"path":"/Users/ecarreras/mastermind/packages/game-state/src/Feedback.ts","statementMap":{"0":{"start":{"line":4,"column":31},"end":{"line":4,"column":33}},"1":{"start":{"line":5,"column":33},"end":{"line":5,"column":35}},"2":{"start":{"line":6,"column":35},"end":{"line":6,"column":37}},"3":{"start":{"line":9,"column":4},"end":{"line":9,"column":23}},"4":{"start":{"line":10,"column":4},"end":{"line":10,"column":21}},"5":{"start":{"line":11,"column":4},"end":{"line":11,"column":87}},"6":{"start":{"line":11,"column":23},"end":{"line":11,"column":86}},"7":{"start":{"line":11,"column":71},"end":{"line":11,"column":78}},"8":{"start":{"line":15,"column":4},"end":{"line":15,"column":23}},"9":{"start":{"line":16,"column":4},"end":{"line":16,"column":41}},"10":{"start":{"line":20,"column":4},"end":{"line":20,"column":28}},"11":{"start":{"line":21,"column":4},"end":{"line":21,"column":35}},"12":{"start":{"line":25,"column":4},"end":{"line":25,"column":34}},"13":{"start":{"line":29,"column":4},"end":{"line":29,"column":26}},"14":{"start":{"line":30,"column":4},"end":{"line":30,"column":28}},"15":{"start":{"line":34,"column":4},"end":{"line":38,"column":7}},"16":{"start":{"line":35,"column":6},"end":{"line":37,"column":7}},"17":{"start":{"line":36,"column":8},"end":{"line":36,"column":38}},"18":{"start":{"line":42,"column":4},"end":{"line":50,"column":7}},"19":{"start":{"line":43,"column":6},"end":{"line":49,"column":8}},"20":{"start":{"line":44,"column":8},"end":{"line":48,"column":9}},"21":{"start":{"line":44,"column":21},"end":{"line":44,"column":22}},"22":{"start":{"line":45,"column":10},"end":{"line":47,"column":11}},"23":{"start":{"line":46,"column":12},"end":{"line":46,"column":43}},"24":{"start":{"line":54,"column":4},"end":{"line":54,"column":28}},"25":{"start":{"line":55,"column":4},"end":{"line":55,"column":35}}},"fnMap":{"0":{"name":"(anonymous_0)","decl":{"start":{"line":8,"column":2},"end":{"line":8,"column":3}},"loc":{"start":{"line":8,"column":68},"end":{"line":12,"column":3}},"line":8},"1":{"name":"(anonymous_1)","decl":{"start":{"line":11,"column":17},"end":{"line":11,"column":18}},"loc":{"start":{"line":11,"column":23},"end":{"line":11,"column":86}},"line":11},"2":{"name":"(anonymous_2)","decl":{"start":{"line":11,"column":66},"end":{"line":11,"column":67}},"loc":{"start":{"line":11,"column":71},"end":{"line":11,"column":78}},"line":11},"3":{"name":"(anonymous_3)","decl":{"start":{"line":14,"column":2},"end":{"line":14,"column":3}},"loc":{"start":{"line":14,"column":23},"end":{"line":17,"column":3}},"line":14},"4":{"name":"(anonymous_4)","decl":{"start":{"line":19,"column":2},"end":{"line":19,"column":3}},"loc":{"start":{"line":19,"column":51},"end":{"line":22,"column":3}},"line":19},"5":{"name":"(anonymous_5)","decl":{"start":{"line":24,"column":2},"end":{"line":24,"column":3}},"loc":{"start":{"line":24,"column":59},"end":{"line":26,"column":3}},"line":24},"6":{"name":"(anonymous_6)","decl":{"start":{"line":28,"column":2},"end":{"line":28,"column":3}},"loc":{"start":{"line":28,"column":24},"end":{"line":31,"column":3}},"line":28},"7":{"name":"(anonymous_7)","decl":{"start":{"line":33,"column":2},"end":{"line":33,"column":3}},"loc":{"start":{"line":33,"column":27},"end":{"line":39,"column":3}},"line":33},"8":{"name":"(anonymous_8)","decl":{"start":{"line":34,"column":23},"end":{"line":34,"column":24}},"loc":{"start":{"line":34,"column":38},"end":{"line":38,"column":5}},"line":34},"9":{"name":"(anonymous_9)","decl":{"start":{"line":41,"column":2},"end":{"line":41,"column":3}},"loc":{"start":{"line":41,"column":29},"end":{"line":51,"column":3}},"line":41},"10":{"name":"(anonymous_10)","decl":{"start":{"line":42,"column":23},"end":{"line":42,"column":24}},"loc":{"start":{"line":42,"column":42},"end":{"line":50,"column":5}},"line":42},"11":{"name":"(anonymous_11)","decl":{"start":{"line":43,"column":24},"end":{"line":43,"column":25}},"loc":{"start":{"line":43,"column":34},"end":{"line":49,"column":7}},"line":43},"12":{"name":"(anonymous_12)","decl":{"start":{"line":53,"column":2},"end":{"line":53,"column":3}},"loc":{"start":{"line":53,"column":44},"end":{"line":56,"column":3}},"line":53}},"branchMap":{"0":{"loc":{"start":{"line":35,"column":6},"end":{"line":37,"column":7}},"type":"if","locations":[{"start":{"line":35,"column":6},"end":{"line":37,"column":7}},{"start":{"line":35,"column":6},"end":{"line":37,"column":7}}],"line":35},"1":{"loc":{"start":{"line":45,"column":10},"end":{"line":47,"column":11}},"type":"if","locations":[{"start":{"line":45,"column":10},"end":{"line":47,"column":11}},{"start":{"line":45,"column":10},"end":{"line":47,"column":11}}],"line":45},"2":{"loc":{"start":{"line":45,"column":14},"end":{"line":45,"column":72}},"type":"binary-expr","locations":[{"start":{"line":45,"column":14},"end":{"line":45,"column":26}},{"start":{"line":45,"column":30},"end":{"line":45,"column":72}}],"line":45}},"s":{"0":33,"1":33,"2":33,"3":33,"4":33,"5":33,"6":132,"7":528,"8":33,"9":33,"10":25,"11":25,"12":172,"13":33,"14":33,"15":33,"16":132,"17":25,"18":33,"19":132,"20":528,"21":528,"22":72,"23":28,"24":28,"25":28},"f":{"0":33,"1":132,"2":528,"3":33,"4":25,"5":172,"6":33,"7":33,"8":132,"9":33,"10":132,"11":528,"12":28},"b":{"0":[25,107],"1":[28,44],"2":[72,40]},"_coverageSchema":"1a1c01bbd47fc00a2c39e90264f33305004495a9","hash":"540c8660936836263a237c3a799f103955e4b4b9"}
,"/Users/ecarreras/mastermind/packages/game-state/src/GameState.ts": {"path":"/Users/ecarreras/mastermind/packages/game-state/src/GameState.ts","statementMap":{"0":{"start":{"line":7,"column":30},"end":{"line":7,"column":31}},"1":{"start":{"line":8,"column":25},"end":{"line":8,"column":27}},"2":{"start":{"line":11,"column":39},"end":{"line":11,"column":43}},"3":{"start":{"line":12,"column":4},"end":{"line":16,"column":5}},"4":{"start":{"line":12,"column":14},"end":{"line":12,"column":86}},"5":{"start":{"line":12,"column":44},"end":{"line":12,"column":84}},"6":{"start":{"line":14,"column":6},"end":{"line":14,"column":66}},"7":{"start":{"line":14,"column":35},"end":{"line":14,"column":66}},"8":{"start":{"line":15,"column":6},"end":{"line":15,"column":33}},"9":{"start":{"line":17,"column":4},"end":{"line":17,"column":37}},"10":{"start":{"line":18,"column":4},"end":{"line":18,"column":29}},"11":{"start":{"line":22,"column":18},"end":{"line":22,"column":38}},"12":{"start":{"line":23,"column":4},"end":{"line":23,"column":28}},"13":{"start":{"line":27,"column":4},"end":{"line":27,"column":48}},"14":{"start":{"line":31,"column":4},"end":{"line":33,"column":6}},"15":{"start":{"line":32,"column":35},"end":{"line":32,"column":68}},"16":{"start":{"line":37,"column":4},"end":{"line":37,"column":66}},"17":{"start":{"line":37,"column":34},"end":{"line":37,"column":66}},"18":{"start":{"line":38,"column":21},"end":{"line":41,"column":20}},"19":{"start":{"line":42,"column":17},"end":{"line":42,"column":53}},"20":{"start":{"line":43,"column":4},"end":{"line":43,"column":41}},"21":{"start":{"line":44,"column":4},"end":{"line":44,"column":16}},"22":{"start":{"line":48,"column":4},"end":{"line":48,"column":55}},"23":{"start":{"line":52,"column":4},"end":{"line":52,"column":46}},"24":{"start":{"line":52,"column":23},"end":{"line":52,"column":46}},"25":{"start":{"line":53,"column":4},"end":{"line":53,"column":16}}},"fnMap":{"0":{"name":"(anonymous_0)","decl":{"start":{"line":10,"column":2},"end":{"line":10,"column":3}},"loc":{"start":{"line":10,"column":63},"end":{"line":19,"column":3}},"line":10},"1":{"name":"(anonymous_1)","decl":{"start":{"line":12,"column":40},"end":{"line":12,"column":41}},"loc":{"start":{"line":12,"column":44},"end":{"line":12,"column":84}},"line":12},"2":{"name":"(anonymous_2)","decl":{"start":{"line":21,"column":2},"end":{"line":21,"column":3}},"loc":{"start":{"line":21,"column":35},"end":{"line":24,"column":3}},"line":21},"3":{"name":"(anonymous_3)","decl":{"start":{"line":26,"column":2},"end":{"line":26,"column":3}},"loc":{"start":{"line":26,"column":25},"end":{"line":28,"column":3}},"line":26},"4":{"name":"(anonymous_4)","decl":{"start":{"line":30,"column":2},"end":{"line":30,"column":3}},"loc":{"start":{"line":30,"column":18},"end":{"line":34,"column":3}},"line":30},"5":{"name":"(anonymous_5)","decl":{"start":{"line":32,"column":27},"end":{"line":32,"column":28}},"loc":{"start":{"line":32,"column":35},"end":{"line":32,"column":68}},"line":32},"6":{"name":"(anonymous_6)","decl":{"start":{"line":36,"column":2},"end":{"line":36,"column":3}},"loc":{"start":{"line":36,"column":29},"end":{"line":45,"column":3}},"line":36},"7":{"name":"(anonymous_7)","decl":{"start":{"line":47,"column":2},"end":{"line":47,"column":3}},"loc":{"start":{"line":47,"column":11},"end":{"line":49,"column":3}},"line":47},"8":{"name":"(anonymous_8)","decl":{"start":{"line":51,"column":2},"end":{"line":51,"column":3}},"loc":{"start":{"line":51,"column":25},"end":{"line":54,"column":3}},"line":51}},"branchMap":{"0":{"loc":{"start":{"line":10,"column":14},"end":{"line":10,"column":61}},"type":"default-arg","locations":[{"start":{"line":10,"column":59},"end":{"line":10,"column":61}}],"line":10},"1":{"loc":{"start":{"line":11,"column":12},"end":{"line":11,"column":21}},"type":"default-arg","locations":[{"start":{"line":11,"column":19},"end":{"line":11,"column":21}}],"line":11},"2":{"loc":{"start":{"line":11,"column":23},"end":{"line":11,"column":35}},"type":"default-arg","locations":[{"start":{"line":11,"column":34},"end":{"line":11,"column":35}}],"line":11},"3":{"loc":{"start":{"line":12,"column":4},"end":{"line":16,"column":5}},"type":"if","locations":[{"start":{"line":12,"column":4},"end":{"line":16,"column":5}},{"start":{"line":12,"column":4},"end":{"line":16,"column":5}}],"line":12},"4":{"loc":{"start":{"line":14,"column":6},"end":{"line":14,"column":66}},"type":"if","locations":[{"start":{"line":14,"column":6},"end":{"line":14,"column":66}},{"start":{"line":14,"column":6},"end":{"line":14,"column":66}}],"line":14},"5":{"loc":{"start":{"line":32,"column":35},"end":{"line":32,"column":68}},"type":"cond-expr","locations":[{"start":{"line":32,"column":39},"end":{"line":32,"column":60}},{"start":{"line":32,"column":63},"end":{"line":32,"column":68}}],"line":32},"6":{"loc":{"start":{"line":37,"column":4},"end":{"line":37,"column":66}},"type":"if","locations":[{"start":{"line":37,"column":4},"end":{"line":37,"column":66}},{"start":{"line":37,"column":4},"end":{"line":37,"column":66}}],"line":37},"7":{"loc":{"start":{"line":48,"column":11},"end":{"line":48,"column":54}},"type":"binary-expr","locations":[{"start":{"line":48,"column":11},"end":{"line":48,"column":31}},{"start":{"line":48,"column":35},"end":{"line":48,"column":54}}],"line":48},"8":{"loc":{"start":{"line":52,"column":4},"end":{"line":52,"column":46}},"type":"if","locations":[{"start":{"line":52,"column":4},"end":{"line":52,"column":46}},{"start":{"line":52,"column":4},"end":{"line":52,"column":46}}],"line":52}},"s":{"0":26,"1":26,"2":26,"3":26,"4":2,"5":8,"6":24,"7":3,"8":21,"9":23,"10":23,"11":58,"12":58,"13":4,"14":6,"15":34,"16":33,"17":0,"18":33,"19":33,"20":33,"21":33,"22":5,"23":2,"24":1,"25":1},"f":{"0":26,"1":8,"2":58,"3":4,"4":6,"5":34,"6":33,"7":5,"8":2},"b":{"0":[2],"1":[2],"2":[26],"3":[2,24],"4":[3,21],"5":[20,14],"6":[0,33],"7":[5,4],"8":[1,1]},"_coverageSchema":"1a1c01bbd47fc00a2c39e90264f33305004495a9","hash":"bbf8d98cea35a78ba6b8eb9c41a49d89fc3d1a70"}
,"/Users/ecarreras/mastermind/packages/game-state/src/Turn.ts": {"path":"/Users/ecarreras/mastermind/packages/game-state/src/Turn.ts","statementMap":{"0":{"start":{"line":6,"column":4},"end":{"line":6,"column":23}},"1":{"start":{"line":7,"column":4},"end":{"line":7,"column":29}}},"fnMap":{"0":{"name":"(anonymous_0)","decl":{"start":{"line":5,"column":2},"end":{"line":5,"column":3}},"loc":{"start":{"line":5,"column":72},"end":{"line":8,"column":3}},"line":5}},"branchMap":{},"s":{"0":33,"1":33},"f":{"0":33},"b":{},"_coverageSchema":"1a1c01bbd47fc00a2c39e90264f33305004495a9","hash":"a5f0c9c0583a1c3b87dd6c35d08c7599fff2bebc"}
,"/Users/ecarreras/mastermind/packages/web-vue/components/GameBoard.vue": {"path":"/Users/ecarreras/mastermind/packages/web-vue/components/GameBoard.vue","statementMap":{"0":{"start":{"line":17,"column":0},"end":{"line":17,"column":null}},"1":{"start":{"line":18,"column":0},"end":{"line":18,"column":null}},"2":{"start":{"line":20,"column":0},"end":{"line":20,"column":null}},"3":{"start":{"line":22,"column":0},"end":{"line":45,"column":null}},"4":{"start":{"line":22,"column":0},"end":{"line":22,"column":null}},"5":{"start":{"line":23,"column":0},"end":{"line":23,"column":null}},"6":{"start":{"line":24,"column":0},"end":{"line":24,"column":null}},"7":{"start":{"line":25,"column":0},"end":{"line":25,"column":null}},"8":{"start":{"line":26,"column":0},"end":{"line":26,"column":null}},"9":{"start":{"line":27,"column":0},"end":{"line":27,"column":null}},"10":{"start":{"line":29,"column":0},"end":{"line":31,"column":null}},"11":{"start":{"line":30,"column":0},"end":{"line":30,"column":null}},"12":{"start":{"line":32,"column":0},"end":{"line":34,"column":null}},"13":{"start":{"line":33,"column":0},"end":{"line":33,"column":null}},"14":{"start":{"line":35,"column":0},"end":{"line":40,"column":null}},"15":{"start":{"line":36,"column":0},"end":{"line":36,"column":null}},"16":{"start":{"line":37,"column":0},"end":{"line":37,"column":null}},"17":{"start":{"line":38,"column":0},"end":{"line":38,"column":null}},"18":{"start":{"line":39,"column":0},"end":{"line":39,"column":null}},"19":{"start":{"line":41,"column":0},"end":{"line":44,"column":null}},"20":{"start":{"line":42,"column":0},"end":{"line":42,"column":null}},"21":{"start":{"line":43,"column":0},"end":{"line":43,"column":null}},"22":{"start":{"line":45,"column":0},"end":{"line":45,"column":null}}},"fnMap":{"0":{"name":"(anonymous_9)","decl":{"start":{"line":22,"column":0},"end":{"line":22,"column":null}},"loc":{"start":{"line":22,"column":0},"end":{"line":45,"column":null}}},"1":{"name":"(anonymous_11)","decl":{"start":{"line":29,"column":0},"end":{"line":29,"column":null}},"loc":{"start":{"line":29,"column":0},"end":{"line":31,"column":null}}},"2":{"name":"(anonymous_12)","decl":{"start":{"line":32,"column":0},"end":{"line":32,"column":null}},"loc":{"start":{"line":32,"column":0},"end":{"line":34,"column":null}}},"3":{"name":"(anonymous_13)","decl":{"start":{"line":35,"column":0},"end":{"line":35,"column":null}},"loc":{"start":{"line":35,"column":0},"end":{"line":40,"column":null}}},"4":{"name":"(anonymous_14)","decl":{"start":{"line":41,"column":0},"end":{"line":41,"column":null}},"loc":{"start":{"line":41,"column":0},"end":{"line":44,"column":null}}}},"branchMap":{"0":{"loc":{"start":{"line":22,"column":0},"end":{"line":22,"column":null}},"type":"binary-expr","locations":[{"start":{"line":22,"column":0},"end":{"line":22,"column":null}},{"start":{"line":22,"column":0},"end":{"line":22,"column":null}},{"start":{"line":22,"column":0},"end":{"line":22,"column":null}}]},"1":{"loc":{"start":{"line":33,"column":0},"end":{"line":33,"column":null}},"type":"binary-expr","locations":[{"start":{"line":33,"column":0},"end":{"line":33,"column":null}},{"start":{"line":33,"column":0},"end":{"line":33,"column":null}}]}},"s":{"0":1,"1":1,"2":1,"3":1,"4":7,"5":5,"6":5,"7":5,"8":5,"9":5,"10":1,"11":3,"12":1,"13":0,"14":1,"15":3,"16":3,"17":3,"18":3,"19":1,"20":3,"21":3,"22":1},"f":{"0":6,"1":3,"2":0,"3":3,"4":3},"b":{"0":[5,5,5],"1":[0,0]}}
}
