{
  "/Users/ecarreras/mastermind/packages/game-state/src/Feedback.ts": {
    "path": "/Users/ecarreras/mastermind/packages/game-state/src/Feedback.ts",
    "statementMap": {
      "0": {
        "start": { "line": 4, "column": 32 },
        "end": { "line": 4, "column": 34 }
      },
      "1": {
        "start": { "line": 7, "column": 4 },
        "end": { "line": 7, "column": 22 }
      },
      "2": {
        "start": { "line": 8, "column": 4 },
        "end": { "line": 8, "column": 20 }
      },
      "3": {
        "start": { "line": 14, "column": 31 },
        "end": { "line": 14, "column": 33 }
      },
      "4": {
        "start": { "line": 15, "column": 4 },
        "end": { "line": 21, "column": 6 }
      },
      "5": {
        "start": { "line": 16, "column": 6 },
        "end": { "line": 20, "column": 7 }
      },
      "6": {
        "start": { "line": 17, "column": 8 },
        "end": { "line": 17, "column": 27 }
      },
      "7": {
        "start": { "line": 18, "column": 13 },
        "end": { "line": 20, "column": 7 }
      },
      "8": {
        "start": { "line": 19, "column": 8 },
        "end": { "line": 19, "column": 47 }
      },
      "9": {
        "start": { "line": 22, "column": 4 },
        "end": { "line": 22, "column": 36 }
      },
      "10": {
        "start": { "line": 26, "column": 4 },
        "end": { "line": 26, "column": 23 }
      },
      "11": {
        "start": { "line": 27, "column": 4 },
        "end": { "line": 29, "column": 5 }
      },
      "12": {
        "start": { "line": 27, "column": 30 },
        "end": { "line": 27, "column": 42 }
      },
      "13": {
        "start": { "line": 28, "column": 6 },
        "end": { "line": 28, "column": 31 }
      },
      "14": {
        "start": { "line": 33, "column": 4 },
        "end": { "line": 33, "column": 35 }
      },
      "15": {
        "start": { "line": 37, "column": 4 },
        "end": { "line": 37, "column": 66 }
      }
    },
    "fnMap": {
      "0": {
        "name": "(anonymous_0)",
        "decl": {
          "start": { "line": 6, "column": 2 },
          "end": { "line": 6, "column": 3 }
        },
        "loc": {
          "start": { "line": 6, "column": 66 },
          "end": { "line": 9, "column": 3 }
        },
        "line": 6
      },
      "1": {
        "name": "(anonymous_1)",
        "decl": {
          "start": { "line": 13, "column": 2 },
          "end": { "line": 13, "column": 3 }
        },
        "loc": {
          "start": { "line": 13, "column": 23 },
          "end": { "line": 23, "column": 3 }
        },
        "line": 13
      },
      "2": {
        "name": "(anonymous_2)",
        "decl": {
          "start": { "line": 15, "column": 23 },
          "end": { "line": 15, "column": 24 }
        },
        "loc": {
          "start": { "line": 15, "column": 38 },
          "end": { "line": 21, "column": 5 }
        },
        "line": 15
      },
      "3": {
        "name": "(anonymous_3)",
        "decl": {
          "start": { "line": 25, "column": 2 },
          "end": { "line": 25, "column": 3 }
        },
        "loc": {
          "start": { "line": 25, "column": 62 },
          "end": { "line": 30, "column": 3 }
        },
        "line": 25
      },
      "4": {
        "name": "(anonymous_4)",
        "decl": {
          "start": { "line": 27, "column": 25 },
          "end": { "line": 27, "column": 26 }
        },
        "loc": {
          "start": { "line": 27, "column": 30 },
          "end": { "line": 27, "column": 42 }
        },
        "line": 27
      },
      "5": {
        "name": "(anonymous_5)",
        "decl": {
          "start": { "line": 32, "column": 2 },
          "end": { "line": 32, "column": 3 }
        },
        "loc": {
          "start": { "line": 32, "column": 59 },
          "end": { "line": 34, "column": 3 }
        },
        "line": 32
      },
      "6": {
        "name": "(anonymous_6)",
        "decl": {
          "start": { "line": 36, "column": 2 },
          "end": { "line": 36, "column": 3 }
        },
        "loc": {
          "start": { "line": 36, "column": 89 },
          "end": { "line": 38, "column": 3 }
        },
        "line": 36
      }
    },
    "branchMap": {
      "0": {
        "loc": {
          "start": { "line": 16, "column": 6 },
          "end": { "line": 20, "column": 7 }
        },
        "type": "if",
        "locations": [
          {
            "start": { "line": 16, "column": 6 },
            "end": { "line": 20, "column": 7 }
          },
          {
            "start": { "line": 16, "column": 6 },
            "end": { "line": 20, "column": 7 }
          }
        ],
        "line": 16
      },
      "1": {
        "loc": {
          "start": { "line": 18, "column": 13 },
          "end": { "line": 20, "column": 7 }
        },
        "type": "if",
        "locations": [
          {
            "start": { "line": 18, "column": 13 },
            "end": { "line": 20, "column": 7 }
          },
          {
            "start": { "line": 18, "column": 13 },
            "end": { "line": 20, "column": 7 }
          }
        ],
        "line": 18
      },
      "2": {
        "loc": {
          "start": { "line": 27, "column": 4 },
          "end": { "line": 29, "column": 5 }
        },
        "type": "if",
        "locations": [
          {
            "start": { "line": 27, "column": 4 },
            "end": { "line": 29, "column": 5 }
          },
          {
            "start": { "line": 27, "column": 4 },
            "end": { "line": 29, "column": 5 }
          }
        ],
        "line": 27
      },
      "3": {
        "loc": {
          "start": { "line": 37, "column": 11 },
          "end": { "line": 37, "column": 65 }
        },
        "type": "binary-expr",
        "locations": [
          {
            "start": { "line": 37, "column": 11 },
            "end": { "line": 37, "column": 37 }
          },
          {
            "start": { "line": 37, "column": 41 },
            "end": { "line": 37, "column": 65 }
          }
        ],
        "line": 37
      }
    },
    "s": {
      "0": 20,
      "1": 20,
      "2": 20,
      "3": 20,
      "4": 20,
      "5": 80,
      "6": 21,
      "7": 59,
      "8": 31,
      "9": 20,
      "10": 31,
      "11": 31,
      "12": 124,
      "13": 26,
      "14": 80,
      "15": 59
    },
    "f": { "0": 20, "1": 20, "2": 80, "3": 31, "4": 124, "5": 80, "6": 59 },
    "b": { "0": [21, 59], "1": [31, 28], "2": [26, 5], "3": [59, 58] },
    "_coverageSchema": "1a1c01bbd47fc00a2c39e90264f33305004495a9",
    "hash": "8c21c672339855cd381396d9b607cf2f0d9fa1d5"
  },
  "/Users/ecarreras/mastermind/packages/game-state/src/GameState.ts": {
    "path": "/Users/ecarreras/mastermind/packages/game-state/src/GameState.ts",
    "statementMap": {
      "0": {
        "start": { "line": 7, "column": 30 },
        "end": { "line": 7, "column": 31 }
      },
      "1": {
        "start": { "line": 8, "column": 25 },
        "end": { "line": 8, "column": 27 }
      },
      "2": {
        "start": { "line": 11, "column": 4 },
        "end": { "line": 11, "column": 62 }
      },
      "3": {
        "start": { "line": 11, "column": 31 },
        "end": { "line": 11, "column": 62 }
      },
      "4": {
        "start": { "line": 12, "column": 4 },
        "end": { "line": 12, "column": 36 }
      },
      "5": {
        "start": { "line": 13, "column": 4 },
        "end": { "line": 13, "column": 31 }
      },
      "6": {
        "start": { "line": 14, "column": 4 },
        "end": { "line": 14, "column": 29 }
      },
      "7": {
        "start": { "line": 18, "column": 18 },
        "end": { "line": 18, "column": 38 }
      },
      "8": {
        "start": { "line": 19, "column": 4 },
        "end": { "line": 19, "column": 29 }
      },
      "9": {
        "start": { "line": 23, "column": 4 },
        "end": { "line": 23, "column": 48 }
      },
      "10": {
        "start": { "line": 27, "column": 4 },
        "end": { "line": 27, "column": 76 }
      },
      "11": {
        "start": { "line": 27, "column": 37 },
        "end": { "line": 27, "column": 69 }
      },
      "12": {
        "start": { "line": 31, "column": 4 },
        "end": { "line": 31, "column": 63 }
      },
      "13": {
        "start": { "line": 31, "column": 32 },
        "end": { "line": 31, "column": 63 }
      },
      "14": {
        "start": { "line": 32, "column": 21 },
        "end": { "line": 32, "column": 90 }
      },
      "15": {
        "start": { "line": 33, "column": 17 },
        "end": { "line": 33, "column": 51 }
      },
      "16": {
        "start": { "line": 34, "column": 4 },
        "end": { "line": 34, "column": 41 }
      },
      "17": {
        "start": { "line": 35, "column": 4 },
        "end": { "line": 35, "column": 16 }
      },
      "18": {
        "start": { "line": 39, "column": 4 },
        "end": { "line": 39, "column": 54 }
      }
    },
    "fnMap": {
      "0": {
        "name": "(anonymous_0)",
        "decl": {
          "start": { "line": 10, "column": 2 },
          "end": { "line": 10, "column": 3 }
        },
        "loc": {
          "start": { "line": 10, "column": 69 },
          "end": { "line": 15, "column": 3 }
        },
        "line": 10
      },
      "1": {
        "name": "(anonymous_1)",
        "decl": {
          "start": { "line": 17, "column": 2 },
          "end": { "line": 17, "column": 3 }
        },
        "loc": {
          "start": { "line": 17, "column": 36 },
          "end": { "line": 20, "column": 3 }
        },
        "line": 17
      },
      "2": {
        "name": "(anonymous_2)",
        "decl": {
          "start": { "line": 22, "column": 2 },
          "end": { "line": 22, "column": 3 }
        },
        "loc": {
          "start": { "line": 22, "column": 25 },
          "end": { "line": 24, "column": 3 }
        },
        "line": 22
      },
      "3": {
        "name": "(anonymous_3)",
        "decl": {
          "start": { "line": 26, "column": 2 },
          "end": { "line": 26, "column": 3 }
        },
        "loc": {
          "start": { "line": 26, "column": 18 },
          "end": { "line": 28, "column": 3 }
        },
        "line": 26
      },
      "4": {
        "name": "(anonymous_4)",
        "decl": {
          "start": { "line": 27, "column": 32 },
          "end": { "line": 27, "column": 33 }
        },
        "loc": {
          "start": { "line": 27, "column": 37 },
          "end": { "line": 27, "column": 69 }
        },
        "line": 27
      },
      "5": {
        "name": "(anonymous_5)",
        "decl": {
          "start": { "line": 30, "column": 2 },
          "end": { "line": 30, "column": 3 }
        },
        "loc": {
          "start": { "line": 30, "column": 29 },
          "end": { "line": 36, "column": 3 }
        },
        "line": 30
      },
      "6": {
        "name": "(anonymous_6)",
        "decl": {
          "start": { "line": 38, "column": 2 },
          "end": { "line": 38, "column": 3 }
        },
        "loc": {
          "start": { "line": 38, "column": 11 },
          "end": { "line": 40, "column": 3 }
        },
        "line": 38
      }
    },
    "branchMap": {
      "0": {
        "loc": {
          "start": { "line": 10, "column": 21 },
          "end": { "line": 10, "column": 33 }
        },
        "type": "default-arg",
        "locations": [
          {
            "start": { "line": 10, "column": 32 },
            "end": { "line": 10, "column": 33 }
          }
        ],
        "line": 10
      },
      "1": {
        "loc": {
          "start": { "line": 11, "column": 4 },
          "end": { "line": 11, "column": 62 }
        },
        "type": "if",
        "locations": [
          {
            "start": { "line": 11, "column": 4 },
            "end": { "line": 11, "column": 62 }
          },
          {
            "start": { "line": 11, "column": 4 },
            "end": { "line": 11, "column": 62 }
          }
        ],
        "line": 11
      },
      "2": {
        "loc": {
          "start": { "line": 27, "column": 37 },
          "end": { "line": 27, "column": 69 }
        },
        "type": "cond-expr",
        "locations": [
          {
            "start": { "line": 27, "column": 41 },
            "end": { "line": 27, "column": 62 }
          },
          {
            "start": { "line": 27, "column": 64 },
            "end": { "line": 27, "column": 69 }
          }
        ],
        "line": 27
      },
      "3": {
        "loc": {
          "start": { "line": 31, "column": 4 },
          "end": { "line": 31, "column": 63 }
        },
        "type": "if",
        "locations": [
          {
            "start": { "line": 31, "column": 4 },
            "end": { "line": 31, "column": 63 }
          },
          {
            "start": { "line": 31, "column": 4 },
            "end": { "line": 31, "column": 63 }
          }
        ],
        "line": 31
      },
      "4": {
        "loc": {
          "start": { "line": 39, "column": 11 },
          "end": { "line": 39, "column": 54 }
        },
        "type": "binary-expr",
        "locations": [
          {
            "start": { "line": 39, "column": 11 },
            "end": { "line": 39, "column": 31 }
          },
          {
            "start": { "line": 39, "column": 35 },
            "end": { "line": 39, "column": 54 }
          }
        ],
        "line": 39
      }
    },
    "s": {
      "0": 17,
      "1": 17,
      "2": 17,
      "3": 3,
      "4": 14,
      "5": 14,
      "6": 14,
      "7": 37,
      "8": 37,
      "9": 2,
      "10": 4,
      "11": 18,
      "12": 20,
      "13": 0,
      "14": 20,
      "15": 20,
      "16": 20,
      "17": 20,
      "18": 3
    },
    "f": { "0": 17, "1": 37, "2": 2, "3": 4, "4": 18, "5": 20, "6": 3 },
    "b": { "0": [17], "1": [3, 14], "2": [11, 7], "3": [0, 20], "4": [3, 2] },
    "_coverageSchema": "1a1c01bbd47fc00a2c39e90264f33305004495a9",
    "hash": "5c88f60d46d533141b7a555b5310036efbc715fe"
  },
  "/Users/ecarreras/mastermind/packages/game-state/src/Turn.ts": {
    "path": "/Users/ecarreras/mastermind/packages/game-state/src/Turn.ts",
    "statementMap": {
      "0": {
        "start": { "line": 6, "column": 4 },
        "end": { "line": 6, "column": 22 }
      },
      "1": {
        "start": { "line": 7, "column": 4 },
        "end": { "line": 7, "column": 28 }
      }
    },
    "fnMap": {
      "0": {
        "name": "(anonymous_0)",
        "decl": {
          "start": { "line": 5, "column": 2 },
          "end": { "line": 5, "column": 3 }
        },
        "loc": {
          "start": { "line": 5, "column": 65 },
          "end": { "line": 8, "column": 3 }
        },
        "line": 5
      }
    },
    "branchMap": {},
    "s": { "0": 20, "1": 20 },
    "f": { "0": 20 },
    "b": {},
    "_coverageSchema": "1a1c01bbd47fc00a2c39e90264f33305004495a9",
    "hash": "774cd4333037f4d7f0fc8443e2ff9af07aa5a5da"
  }
}
