TN:
SF:packages/game-state/src/Feedback.ts
FN:6,(anonymous_0)
FN:13,(anonymous_1)
FN:15,(anonymous_2)
FN:25,(anonymous_3)
FN:27,(anonymous_4)
FN:32,(anonymous_5)
FN:36,(anonymous_6)
FNF:7
FNH:7
FNDA:20,(anonymous_0)
FNDA:20,(anonymous_1)
FNDA:80,(anonymous_2)
FNDA:31,(anonymous_3)
FNDA:124,(anonymous_4)
FNDA:80,(anonymous_5)
FNDA:59,(anonymous_6)
DA:4,20
DA:7,20
DA:8,20
DA:14,20
DA:15,20
DA:16,80
DA:17,21
DA:18,59
DA:19,31
DA:22,20
DA:26,31
DA:27,124
DA:28,26
DA:33,80
DA:37,59
LF:15
LH:15
BRDA:16,0,0,21
BRDA:16,0,1,59
BRDA:18,1,0,31
BRDA:18,1,1,28
BRDA:27,2,0,26
BRDA:27,2,1,5
BRDA:37,3,0,59
BRDA:37,3,1,58
BRF:8
BRH:8
end_of_record
TN:
SF:packages/game-state/src/GameState.ts
FN:10,(anonymous_0)
FN:17,(anonymous_1)
FN:22,(anonymous_2)
FN:26,(anonymous_3)
FN:27,(anonymous_4)
FN:30,(anonymous_5)
FN:38,(anonymous_6)
FNF:7
FNH:7
FNDA:17,(anonymous_0)
FNDA:37,(anonymous_1)
FNDA:2,(anonymous_2)
FNDA:4,(anonymous_3)
FNDA:18,(anonymous_4)
FNDA:20,(anonymous_5)
FNDA:3,(anonymous_6)
DA:7,17
DA:8,17
DA:11,17
DA:12,14
DA:13,14
DA:14,14
DA:18,37
DA:19,37
DA:23,2
DA:27,18
DA:31,20
DA:32,20
DA:33,20
DA:34,20
DA:35,20
DA:39,3
LF:16
LH:16
BRDA:10,0,0,17
BRDA:11,1,0,3
BRDA:11,1,1,14
BRDA:27,2,0,11
BRDA:27,2,1,7
BRDA:31,3,0,0
BRDA:31,3,1,20
BRDA:39,4,0,3
BRDA:39,4,1,2
BRF:9
BRH:8
end_of_record
TN:
SF:packages/game-state/src/Turn.ts
FN:5,(anonymous_0)
FNF:1
FNH:1
FNDA:20,(anonymous_0)
DA:6,20
DA:7,20
LF:2
LH:2
BRF:0
BRH:0
end_of_record
